{"/home/ashna/Desktop/TODO_HATIO/backend/server.js": {"path":"/home/ashna/Desktop/TODO_HATIO/backend/server.js","statementMap":{"0":{"start":{"line":2,"column":0},"end":{"line":2,"column":27}},"1":{"start":{"line":4,"column":16},"end":{"line":4,"column":34}},"2":{"start":{"line":5,"column":17},"end":{"line":5,"column":36}},"3":{"start":{"line":6,"column":13},"end":{"line":6,"column":28}},"4":{"start":{"line":7,"column":19},"end":{"line":7,"column":43}},"5":{"start":{"line":8,"column":22},"end":{"line":8,"column":50}},"6":{"start":{"line":9,"column":19},"end":{"line":9,"column":43}},"7":{"start":{"line":11,"column":12},"end":{"line":11,"column":21}},"8":{"start":{"line":14,"column":0},"end":{"line":14,"column":24}},"9":{"start":{"line":17,"column":0},"end":{"line":21,"column":4}},"10":{"start":{"line":24,"column":0},"end":{"line":24,"column":33}},"11":{"start":{"line":25,"column":0},"end":{"line":25,"column":40}},"12":{"start":{"line":26,"column":0},"end":{"line":26,"column":34}},"13":{"start":{"line":29,"column":0},"end":{"line":42,"column":1}},"14":{"start":{"line":30,"column":4},"end":{"line":41,"column":11}},"15":{"start":{"line":33,"column":12},"end":{"line":33,"column":48}},"16":{"start":{"line":34,"column":25},"end":{"line":34,"column":49}},"17":{"start":{"line":35,"column":12},"end":{"line":37,"column":15}},"18":{"start":{"line":36,"column":16},"end":{"line":36,"column":62}},"19":{"start":{"line":40,"column":12},"end":{"line":40,"column":60}},"20":{"start":{"line":44,"column":0},"end":{"line":44,"column":21}}},"fnMap":{"0":{"name":"(anonymous_0)","decl":{"start":{"line":32,"column":14},"end":{"line":32,"column":15}},"loc":{"start":{"line":32,"column":20},"end":{"line":38,"column":9}},"line":32},"1":{"name":"(anonymous_1)","decl":{"start":{"line":35,"column":29},"end":{"line":35,"column":30}},"loc":{"start":{"line":35,"column":35},"end":{"line":37,"column":13}},"line":35},"2":{"name":"(anonymous_2)","decl":{"start":{"line":39,"column":15},"end":{"line":39,"column":16}},"loc":{"start":{"line":39,"column":24},"end":{"line":41,"column":9}},"line":39}},"branchMap":{"0":{"loc":{"start":{"line":29,"column":0},"end":{"line":42,"column":1}},"type":"if","locations":[{"start":{"line":29,"column":0},"end":{"line":42,"column":1}},{"start":{},"end":{}}],"line":29},"1":{"loc":{"start":{"line":34,"column":25},"end":{"line":34,"column":49}},"type":"binary-expr","locations":[{"start":{"line":34,"column":25},"end":{"line":34,"column":41}},{"start":{"line":34,"column":45},"end":{"line":34,"column":49}}],"line":34}},"s":{"0":3,"1":3,"2":3,"3":3,"4":3,"5":3,"6":3,"7":3,"8":3,"9":3,"10":3,"11":3,"12":3,"13":3,"14":0,"15":0,"16":0,"17":0,"18":0,"19":0,"20":3},"f":{"0":0,"1":0,"2":0},"b":{"0":[0,3],"1":[0,0]},"_coverageSchema":"1a1c01bbd47fc00a2c39e90264f33305004495a9","hash":"007f7c2b0d6f8e8d4fbdbc76160bf2f7e890ab99"}
,"/home/ashna/Desktop/TODO_HATIO/backend/controllers/authController.js": {"path":"/home/ashna/Desktop/TODO_HATIO/backend/controllers/authController.js","statementMap":{"0":{"start":{"line":2,"column":29},"end":{"line":2,"column":57}},"1":{"start":{"line":3,"column":13},"end":{"line":3,"column":38}},"2":{"start":{"line":8,"column":23},"end":{"line":16,"column":1}},"3":{"start":{"line":9,"column":4},"end":{"line":11,"column":5}},"4":{"start":{"line":10,"column":8},"end":{"line":10,"column":20}},"5":{"start":{"line":12,"column":30},"end":{"line":12,"column":54}},"6":{"start":{"line":13,"column":24},"end":{"line":13,"column":82}},"7":{"start":{"line":14,"column":33},"end":{"line":14,"column":55}},"8":{"start":{"line":15,"column":4},"end":{"line":15,"column":34}},"9":{"start":{"line":21,"column":0},"end":{"line":56,"column":2}},"10":{"start":{"line":23,"column":19},"end":{"line":23,"column":40}},"11":{"start":{"line":24,"column":4},"end":{"line":26,"column":5}},"12":{"start":{"line":25,"column":8},"end":{"line":25,"column":64}},"13":{"start":{"line":28,"column":4},"end":{"line":55,"column":5}},"14":{"start":{"line":29,"column":39},"end":{"line":29,"column":47}},"15":{"start":{"line":32,"column":29},"end":{"line":32,"column":61}},"16":{"start":{"line":33,"column":8},"end":{"line":35,"column":9}},"17":{"start":{"line":34,"column":12},"end":{"line":34,"column":80}},"18":{"start":{"line":38,"column":21},"end":{"line":38,"column":53}},"19":{"start":{"line":39,"column":8},"end":{"line":39,"column":26}},"20":{"start":{"line":42,"column":28},"end":{"line":42,"column":85}},"21":{"start":{"line":43,"column":27},"end":{"line":43,"column":49}},"22":{"start":{"line":46,"column":8},"end":{"line":46,"column":69}},"23":{"start":{"line":49,"column":8},"end":{"line":52,"column":11}},"24":{"start":{"line":54,"column":8},"end":{"line":54,"column":53}},"25":{"start":{"line":60,"column":0},"end":{"line":83,"column":2}},"26":{"start":{"line":61,"column":4},"end":{"line":82,"column":5}},"27":{"start":{"line":62,"column":27},"end":{"line":62,"column":55}},"28":{"start":{"line":63,"column":28},"end":{"line":63,"column":54}},"29":{"start":{"line":65,"column":8},"end":{"line":67,"column":9}},"30":{"start":{"line":66,"column":12},"end":{"line":66,"column":98}},"31":{"start":{"line":69,"column":39},"end":{"line":69,"column":50}},"32":{"start":{"line":72,"column":21},"end":{"line":72,"column":53}},"33":{"start":{"line":73,"column":8},"end":{"line":73,"column":78}},"34":{"start":{"line":73,"column":19},"end":{"line":73,"column":78}},"35":{"start":{"line":76,"column":24},"end":{"line":76,"column":60}},"36":{"start":{"line":77,"column":8},"end":{"line":77,"column":86}},"37":{"start":{"line":77,"column":22},"end":{"line":77,"column":86}},"38":{"start":{"line":79,"column":8},"end":{"line":79,"column":68}},"39":{"start":{"line":81,"column":8},"end":{"line":81,"column":53}}},"fnMap":{"0":{"name":"(anonymous_0)","decl":{"start":{"line":8,"column":23},"end":{"line":8,"column":24}},"loc":{"start":{"line":8,"column":39},"end":{"line":16,"column":1}},"line":8},"1":{"name":"(anonymous_1)","decl":{"start":{"line":21,"column":19},"end":{"line":21,"column":20}},"loc":{"start":{"line":21,"column":39},"end":{"line":56,"column":1}},"line":21},"2":{"name":"(anonymous_2)","decl":{"start":{"line":60,"column":16},"end":{"line":60,"column":17}},"loc":{"start":{"line":60,"column":36},"end":{"line":83,"column":1}},"line":60}},"branchMap":{"0":{"loc":{"start":{"line":9,"column":4},"end":{"line":11,"column":5}},"type":"if","locations":[{"start":{"line":9,"column":4},"end":{"line":11,"column":5}},{"start":{},"end":{}}],"line":9},"1":{"loc":{"start":{"line":9,"column":8},"end":{"line":9,"column":55}},"type":"binary-expr","locations":[{"start":{"line":9,"column":8},"end":{"line":9,"column":19}},{"start":{"line":9,"column":23},"end":{"line":9,"column":55}}],"line":9},"2":{"loc":{"start":{"line":24,"column":4},"end":{"line":26,"column":5}},"type":"if","locations":[{"start":{"line":24,"column":4},"end":{"line":26,"column":5}},{"start":{},"end":{}}],"line":24},"3":{"loc":{"start":{"line":33,"column":8},"end":{"line":35,"column":9}},"type":"if","locations":[{"start":{"line":33,"column":8},"end":{"line":35,"column":9}},{"start":{},"end":{}}],"line":33},"4":{"loc":{"start":{"line":65,"column":8},"end":{"line":67,"column":9}},"type":"if","locations":[{"start":{"line":65,"column":8},"end":{"line":67,"column":9}},{"start":{},"end":{}}],"line":65},"5":{"loc":{"start":{"line":73,"column":8},"end":{"line":73,"column":78}},"type":"if","locations":[{"start":{"line":73,"column":8},"end":{"line":73,"column":78}},{"start":{},"end":{}}],"line":73},"6":{"loc":{"start":{"line":77,"column":8},"end":{"line":77,"column":86}},"type":"if","locations":[{"start":{"line":77,"column":8},"end":{"line":77,"column":86}},{"start":{},"end":{}}],"line":77}},"s":{"0":3,"1":3,"2":3,"3":2,"4":0,"5":2,"6":2,"7":2,"8":2,"9":3,"10":1,"11":1,"12":0,"13":1,"14":1,"15":1,"16":0,"17":0,"18":0,"19":0,"20":0,"21":0,"22":0,"23":0,"24":1,"25":3,"26":2,"27":2,"28":2,"29":2,"30":0,"31":2,"32":2,"33":0,"34":0,"35":0,"36":0,"37":0,"38":0,"39":1},"f":{"0":2,"1":1,"2":2},"b":{"0":[0,2],"1":[2,2],"2":[0,1],"3":[0,0],"4":[0,2],"5":[0,0],"6":[0,0]},"_coverageSchema":"1a1c01bbd47fc00a2c39e90264f33305004495a9","hash":"45f110686dd3827d001dc5dfdbe93ba1b5b0b34b"}
,"/home/ashna/Desktop/TODO_HATIO/backend/controllers/projectController.js": {"path":"/home/ashna/Desktop/TODO_HATIO/backend/controllers/projectController.js","statementMap":{"0":{"start":{"line":2,"column":16},"end":{"line":2,"column":44}},"1":{"start":{"line":3,"column":13},"end":{"line":3,"column":38}},"2":{"start":{"line":4,"column":23},"end":{"line":4,"column":59}},"3":{"start":{"line":5,"column":11},"end":{"line":5,"column":24}},"4":{"start":{"line":6,"column":13},"end":{"line":6,"column":28}},"5":{"start":{"line":7,"column":13},"end":{"line":7,"column":38}},"6":{"start":{"line":12,"column":21},"end":{"line":28,"column":1}},"7":{"start":{"line":13,"column":23},"end":{"line":13,"column":51}},"8":{"start":{"line":14,"column":4},"end":{"line":16,"column":5}},"9":{"start":{"line":15,"column":8},"end":{"line":15,"column":20}},"10":{"start":{"line":17,"column":30},"end":{"line":17,"column":54}},"11":{"start":{"line":18,"column":24},"end":{"line":18,"column":82}},"12":{"start":{"line":19,"column":33},"end":{"line":19,"column":55}},"13":{"start":{"line":21,"column":17},"end":{"line":21,"column":49}},"14":{"start":{"line":22,"column":4},"end":{"line":22,"column":27}},"15":{"start":{"line":22,"column":15},"end":{"line":22,"column":27}},"16":{"start":{"line":24,"column":20},"end":{"line":24,"column":56}},"17":{"start":{"line":25,"column":4},"end":{"line":25,"column":30}},"18":{"start":{"line":25,"column":18},"end":{"line":25,"column":30}},"19":{"start":{"line":27,"column":4},"end":{"line":27,"column":16}},"20":{"start":{"line":31,"column":0},"end":{"line":47,"column":2}},"21":{"start":{"line":32,"column":4},"end":{"line":46,"column":5}},"22":{"start":{"line":33,"column":21},"end":{"line":33,"column":44}},"23":{"start":{"line":34,"column":8},"end":{"line":36,"column":9}},"24":{"start":{"line":35,"column":12},"end":{"line":35,"column":69}},"25":{"start":{"line":38,"column":26},"end":{"line":38,"column":34}},"26":{"start":{"line":40,"column":24},"end":{"line":40,"column":62}},"27":{"start":{"line":41,"column":8},"end":{"line":41,"column":29}},"28":{"start":{"line":43,"column":8},"end":{"line":43,"column":38}},"29":{"start":{"line":45,"column":8},"end":{"line":45,"column":53}},"30":{"start":{"line":50,"column":0},"end":{"line":62,"column":2}},"31":{"start":{"line":51,"column":4},"end":{"line":61,"column":5}},"32":{"start":{"line":52,"column":21},"end":{"line":52,"column":44}},"33":{"start":{"line":53,"column":8},"end":{"line":55,"column":9}},"34":{"start":{"line":54,"column":12},"end":{"line":54,"column":69}},"35":{"start":{"line":57,"column":25},"end":{"line":57,"column":81}},"36":{"start":{"line":58,"column":8},"end":{"line":58,"column":39}},"37":{"start":{"line":60,"column":8},"end":{"line":60,"column":53}},"38":{"start":{"line":65,"column":0},"end":{"line":79,"column":2}},"39":{"start":{"line":66,"column":4},"end":{"line":78,"column":5}},"40":{"start":{"line":67,"column":21},"end":{"line":67,"column":44}},"41":{"start":{"line":68,"column":8},"end":{"line":70,"column":9}},"42":{"start":{"line":69,"column":12},"end":{"line":69,"column":69}},"43":{"start":{"line":72,"column":24},"end":{"line":72,"column":103}},"44":{"start":{"line":73,"column":8},"end":{"line":73,"column":84}},"45":{"start":{"line":73,"column":22},"end":{"line":73,"column":84}},"46":{"start":{"line":75,"column":8},"end":{"line":75,"column":38}},"47":{"start":{"line":77,"column":8},"end":{"line":77,"column":53}},"48":{"start":{"line":100,"column":0},"end":{"line":144,"column":2}},"49":{"start":{"line":101,"column":4},"end":{"line":143,"column":5}},"50":{"start":{"line":102,"column":27},"end":{"line":102,"column":55}},"51":{"start":{"line":105,"column":8},"end":{"line":107,"column":9}},"52":{"start":{"line":106,"column":12},"end":{"line":106,"column":69}},"53":{"start":{"line":110,"column":34},"end":{"line":110,"column":58}},"54":{"start":{"line":111,"column":28},"end":{"line":111,"column":86}},"55":{"start":{"line":112,"column":37},"end":{"line":112,"column":59}},"56":{"start":{"line":115,"column":21},"end":{"line":115,"column":53}},"57":{"start":{"line":116,"column":8},"end":{"line":118,"column":9}},"58":{"start":{"line":117,"column":12},"end":{"line":117,"column":71}},"59":{"start":{"line":121,"column":24},"end":{"line":121,"column":60}},"60":{"start":{"line":122,"column":8},"end":{"line":124,"column":9}},"61":{"start":{"line":123,"column":12},"end":{"line":123,"column":76}},"62":{"start":{"line":127,"column":26},"end":{"line":127,"column":34}},"63":{"start":{"line":129,"column":24},"end":{"line":133,"column":27}},"64":{"start":{"line":135,"column":8},"end":{"line":137,"column":9}},"65":{"start":{"line":136,"column":12},"end":{"line":136,"column":74}},"66":{"start":{"line":139,"column":8},"end":{"line":139,"column":38}},"67":{"start":{"line":141,"column":8},"end":{"line":141,"column":27}},"68":{"start":{"line":142,"column":8},"end":{"line":142,"column":53}},"69":{"start":{"line":149,"column":0},"end":{"line":167,"column":2}},"70":{"start":{"line":150,"column":4},"end":{"line":166,"column":5}},"71":{"start":{"line":151,"column":21},"end":{"line":151,"column":44}},"72":{"start":{"line":152,"column":8},"end":{"line":154,"column":9}},"73":{"start":{"line":153,"column":12},"end":{"line":153,"column":69}},"74":{"start":{"line":156,"column":24},"end":{"line":156,"column":94}},"75":{"start":{"line":158,"column":8},"end":{"line":158,"column":84}},"76":{"start":{"line":158,"column":22},"end":{"line":158,"column":84}},"77":{"start":{"line":161,"column":8},"end":{"line":161,"column":63}},"78":{"start":{"line":163,"column":8},"end":{"line":163,"column":74}},"79":{"start":{"line":165,"column":8},"end":{"line":165,"column":53}},"80":{"start":{"line":170,"column":0},"end":{"line":225,"column":2}},"81":{"start":{"line":171,"column":4},"end":{"line":224,"column":5}},"82":{"start":{"line":172,"column":21},"end":{"line":172,"column":44}},"83":{"start":{"line":173,"column":8},"end":{"line":175,"column":9}},"84":{"start":{"line":174,"column":12},"end":{"line":174,"column":69}},"85":{"start":{"line":177,"column":26},"end":{"line":177,"column":39}},"86":{"start":{"line":179,"column":24},"end":{"line":179,"column":99}},"87":{"start":{"line":180,"column":8},"end":{"line":180,"column":84}},"88":{"start":{"line":180,"column":22},"end":{"line":180,"column":84}},"89":{"start":{"line":182,"column":27},"end":{"line":182,"column":47}},"90":{"start":{"line":183,"column":31},"end":{"line":183,"column":95}},"91":{"start":{"line":183,"column":60},"end":{"line":183,"column":87}},"92":{"start":{"line":184,"column":29},"end":{"line":184,"column":84}},"93":{"start":{"line":184,"column":58},"end":{"line":184,"column":83}},"94":{"start":{"line":187,"column":23},"end":{"line":187,"column":47}},"95":{"start":{"line":188,"column":8},"end":{"line":188,"column":84}},"96":{"start":{"line":190,"column":8},"end":{"line":190,"column":35}},"97":{"start":{"line":191,"column":8},"end":{"line":193,"column":11}},"98":{"start":{"line":192,"column":12},"end":{"line":192,"column":110}},"99":{"start":{"line":195,"column":8},"end":{"line":195,"column":40}},"100":{"start":{"line":196,"column":8},"end":{"line":200,"column":15}},"101":{"start":{"line":197,"column":28},"end":{"line":197,"column":55}},"102":{"start":{"line":199,"column":16},"end":{"line":199,"column":116}},"103":{"start":{"line":203,"column":25},"end":{"line":203,"column":67}},"104":{"start":{"line":204,"column":25},"end":{"line":204,"column":72}},"105":{"start":{"line":207,"column":8},"end":{"line":207,"column":66}},"106":{"start":{"line":208,"column":8},"end":{"line":208,"column":45}},"107":{"start":{"line":211,"column":21},"end":{"line":219,"column":9}},"108":{"start":{"line":221,"column":8},"end":{"line":221,"column":95}},"109":{"start":{"line":223,"column":8},"end":{"line":223,"column":53}}},"fnMap":{"0":{"name":"(anonymous_0)","decl":{"start":{"line":12,"column":21},"end":{"line":12,"column":22}},"loc":{"start":{"line":12,"column":36},"end":{"line":28,"column":1}},"line":12},"1":{"name":"(anonymous_1)","decl":{"start":{"line":31,"column":24},"end":{"line":31,"column":25}},"loc":{"start":{"line":31,"column":44},"end":{"line":47,"column":1}},"line":31},"2":{"name":"(anonymous_2)","decl":{"start":{"line":50,"column":25},"end":{"line":50,"column":26}},"loc":{"start":{"line":50,"column":45},"end":{"line":62,"column":1}},"line":50},"3":{"name":"(anonymous_3)","decl":{"start":{"line":65,"column":25},"end":{"line":65,"column":26}},"loc":{"start":{"line":65,"column":45},"end":{"line":79,"column":1}},"line":65},"4":{"name":"(anonymous_4)","decl":{"start":{"line":100,"column":29},"end":{"line":100,"column":30}},"loc":{"start":{"line":100,"column":49},"end":{"line":144,"column":1}},"line":100},"5":{"name":"(anonymous_5)","decl":{"start":{"line":149,"column":24},"end":{"line":149,"column":25}},"loc":{"start":{"line":149,"column":44},"end":{"line":167,"column":1}},"line":149},"6":{"name":"(anonymous_6)","decl":{"start":{"line":170,"column":31},"end":{"line":170,"column":32}},"loc":{"start":{"line":170,"column":51},"end":{"line":225,"column":1}},"line":170},"7":{"name":"(anonymous_7)","decl":{"start":{"line":183,"column":52},"end":{"line":183,"column":53}},"loc":{"start":{"line":183,"column":60},"end":{"line":183,"column":87}},"line":183},"8":{"name":"(anonymous_8)","decl":{"start":{"line":184,"column":50},"end":{"line":184,"column":51}},"loc":{"start":{"line":184,"column":58},"end":{"line":184,"column":83}},"line":184},"9":{"name":"(anonymous_9)","decl":{"start":{"line":191,"column":29},"end":{"line":191,"column":30}},"loc":{"start":{"line":191,"column":37},"end":{"line":193,"column":9}},"line":191},"10":{"name":"(anonymous_10)","decl":{"start":{"line":197,"column":20},"end":{"line":197,"column":21}},"loc":{"start":{"line":197,"column":28},"end":{"line":197,"column":55}},"line":197},"11":{"name":"(anonymous_11)","decl":{"start":{"line":198,"column":21},"end":{"line":198,"column":22}},"loc":{"start":{"line":198,"column":29},"end":{"line":200,"column":13}},"line":198}},"branchMap":{"0":{"loc":{"start":{"line":14,"column":4},"end":{"line":16,"column":5}},"type":"if","locations":[{"start":{"line":14,"column":4},"end":{"line":16,"column":5}},{"start":{},"end":{}}],"line":14},"1":{"loc":{"start":{"line":14,"column":8},"end":{"line":14,"column":55}},"type":"binary-expr","locations":[{"start":{"line":14,"column":8},"end":{"line":14,"column":19}},{"start":{"line":14,"column":23},"end":{"line":14,"column":55}}],"line":14},"2":{"loc":{"start":{"line":22,"column":4},"end":{"line":22,"column":27}},"type":"if","locations":[{"start":{"line":22,"column":4},"end":{"line":22,"column":27}},{"start":{},"end":{}}],"line":22},"3":{"loc":{"start":{"line":25,"column":4},"end":{"line":25,"column":30}},"type":"if","locations":[{"start":{"line":25,"column":4},"end":{"line":25,"column":30}},{"start":{},"end":{}}],"line":25},"4":{"loc":{"start":{"line":34,"column":8},"end":{"line":36,"column":9}},"type":"if","locations":[{"start":{"line":34,"column":8},"end":{"line":36,"column":9}},{"start":{},"end":{}}],"line":34},"5":{"loc":{"start":{"line":53,"column":8},"end":{"line":55,"column":9}},"type":"if","locations":[{"start":{"line":53,"column":8},"end":{"line":55,"column":9}},{"start":{},"end":{}}],"line":53},"6":{"loc":{"start":{"line":68,"column":8},"end":{"line":70,"column":9}},"type":"if","locations":[{"start":{"line":68,"column":8},"end":{"line":70,"column":9}},{"start":{},"end":{}}],"line":68},"7":{"loc":{"start":{"line":73,"column":8},"end":{"line":73,"column":84}},"type":"if","locations":[{"start":{"line":73,"column":8},"end":{"line":73,"column":84}},{"start":{},"end":{}}],"line":73},"8":{"loc":{"start":{"line":105,"column":8},"end":{"line":107,"column":9}},"type":"if","locations":[{"start":{"line":105,"column":8},"end":{"line":107,"column":9}},{"start":{},"end":{}}],"line":105},"9":{"loc":{"start":{"line":105,"column":12},"end":{"line":105,"column":59}},"type":"binary-expr","locations":[{"start":{"line":105,"column":12},"end":{"line":105,"column":23}},{"start":{"line":105,"column":27},"end":{"line":105,"column":59}}],"line":105},"10":{"loc":{"start":{"line":116,"column":8},"end":{"line":118,"column":9}},"type":"if","locations":[{"start":{"line":116,"column":8},"end":{"line":118,"column":9}},{"start":{},"end":{}}],"line":116},"11":{"loc":{"start":{"line":122,"column":8},"end":{"line":124,"column":9}},"type":"if","locations":[{"start":{"line":122,"column":8},"end":{"line":124,"column":9}},{"start":{},"end":{}}],"line":122},"12":{"loc":{"start":{"line":135,"column":8},"end":{"line":137,"column":9}},"type":"if","locations":[{"start":{"line":135,"column":8},"end":{"line":137,"column":9}},{"start":{},"end":{}}],"line":135},"13":{"loc":{"start":{"line":152,"column":8},"end":{"line":154,"column":9}},"type":"if","locations":[{"start":{"line":152,"column":8},"end":{"line":154,"column":9}},{"start":{},"end":{}}],"line":152},"14":{"loc":{"start":{"line":158,"column":8},"end":{"line":158,"column":84}},"type":"if","locations":[{"start":{"line":158,"column":8},"end":{"line":158,"column":84}},{"start":{},"end":{}}],"line":158},"15":{"loc":{"start":{"line":173,"column":8},"end":{"line":175,"column":9}},"type":"if","locations":[{"start":{"line":173,"column":8},"end":{"line":175,"column":9}},{"start":{},"end":{}}],"line":173},"16":{"loc":{"start":{"line":180,"column":8},"end":{"line":180,"column":84}},"type":"if","locations":[{"start":{"line":180,"column":8},"end":{"line":180,"column":84}},{"start":{},"end":{}}],"line":180}},"s":{"0":3,"1":3,"2":3,"3":3,"4":3,"5":3,"6":3,"7":0,"8":0,"9":0,"10":0,"11":0,"12":0,"13":0,"14":0,"15":0,"16":0,"17":0,"18":0,"19":0,"20":3,"21":0,"22":0,"23":0,"24":0,"25":0,"26":0,"27":0,"28":0,"29":0,"30":3,"31":0,"32":0,"33":0,"34":0,"35":0,"36":0,"37":0,"38":3,"39":0,"40":0,"41":0,"42":0,"43":0,"44":0,"45":0,"46":0,"47":0,"48":3,"49":0,"50":0,"51":0,"52":0,"53":0,"54":0,"55":0,"56":0,"57":0,"58":0,"59":0,"60":0,"61":0,"62":0,"63":0,"64":0,"65":0,"66":0,"67":0,"68":0,"69":3,"70":0,"71":0,"72":0,"73":0,"74":0,"75":0,"76":0,"77":0,"78":0,"79":0,"80":3,"81":0,"82":0,"83":0,"84":0,"85":0,"86":0,"87":0,"88":0,"89":0,"90":0,"91":0,"92":0,"93":0,"94":0,"95":0,"96":0,"97":0,"98":0,"99":0,"100":0,"101":0,"102":0,"103":0,"104":0,"105":0,"106":0,"107":0,"108":0,"109":0},"f":{"0":0,"1":0,"2":0,"3":0,"4":0,"5":0,"6":0,"7":0,"8":0,"9":0,"10":0,"11":0},"b":{"0":[0,0],"1":[0,0],"2":[0,0],"3":[0,0],"4":[0,0],"5":[0,0],"6":[0,0],"7":[0,0],"8":[0,0],"9":[0,0],"10":[0,0],"11":[0,0],"12":[0,0],"13":[0,0],"14":[0,0],"15":[0,0],"16":[0,0]},"_coverageSchema":"1a1c01bbd47fc00a2c39e90264f33305004495a9","hash":"fc52467ac780bf02e73f2cb0f233eed6ac13715d"}
,"/home/ashna/Desktop/TODO_HATIO/backend/controllers/todoController.js": {"path":"/home/ashna/Desktop/TODO_HATIO/backend/controllers/todoController.js","statementMap":{"0":{"start":{"line":2,"column":13},"end":{"line":2,"column":38}},"1":{"start":{"line":3,"column":16},"end":{"line":3,"column":44}},"2":{"start":{"line":4,"column":13},"end":{"line":4,"column":38}},"3":{"start":{"line":9,"column":21},"end":{"line":25,"column":1}},"4":{"start":{"line":10,"column":23},"end":{"line":10,"column":51}},"5":{"start":{"line":11,"column":4},"end":{"line":13,"column":5}},"6":{"start":{"line":12,"column":8},"end":{"line":12,"column":20}},"7":{"start":{"line":14,"column":30},"end":{"line":14,"column":54}},"8":{"start":{"line":15,"column":24},"end":{"line":15,"column":82}},"9":{"start":{"line":16,"column":33},"end":{"line":16,"column":55}},"10":{"start":{"line":18,"column":17},"end":{"line":18,"column":49}},"11":{"start":{"line":19,"column":4},"end":{"line":19,"column":27}},"12":{"start":{"line":19,"column":15},"end":{"line":19,"column":27}},"13":{"start":{"line":21,"column":20},"end":{"line":21,"column":56}},"14":{"start":{"line":22,"column":4},"end":{"line":22,"column":30}},"15":{"start":{"line":22,"column":18},"end":{"line":22,"column":30}},"16":{"start":{"line":24,"column":4},"end":{"line":24,"column":16}},"17":{"start":{"line":28,"column":0},"end":{"line":54,"column":2}},"18":{"start":{"line":29,"column":4},"end":{"line":53,"column":5}},"19":{"start":{"line":30,"column":21},"end":{"line":30,"column":44}},"20":{"start":{"line":31,"column":8},"end":{"line":33,"column":9}},"21":{"start":{"line":32,"column":12},"end":{"line":32,"column":69}},"22":{"start":{"line":35,"column":32},"end":{"line":35,"column":40}},"23":{"start":{"line":36,"column":26},"end":{"line":36,"column":46}},"24":{"start":{"line":39,"column":24},"end":{"line":39,"column":81}},"25":{"start":{"line":40,"column":8},"end":{"line":40,"column":84}},"26":{"start":{"line":40,"column":22},"end":{"line":40,"column":84}},"27":{"start":{"line":43,"column":21},"end":{"line":43,"column":46}},"28":{"start":{"line":44,"column":8},"end":{"line":44,"column":26}},"29":{"start":{"line":47,"column":8},"end":{"line":47,"column":37}},"30":{"start":{"line":48,"column":8},"end":{"line":48,"column":29}},"31":{"start":{"line":50,"column":8},"end":{"line":50,"column":35}},"32":{"start":{"line":52,"column":8},"end":{"line":52,"column":53}},"33":{"start":{"line":85,"column":0},"end":{"line":115,"column":2}},"34":{"start":{"line":86,"column":4},"end":{"line":114,"column":5}},"35":{"start":{"line":87,"column":21},"end":{"line":87,"column":44}},"36":{"start":{"line":88,"column":8},"end":{"line":90,"column":9}},"37":{"start":{"line":89,"column":12},"end":{"line":89,"column":69}},"38":{"start":{"line":92,"column":40},"end":{"line":92,"column":48}},"39":{"start":{"line":93,"column":23},"end":{"line":93,"column":40}},"40":{"start":{"line":96,"column":24},"end":{"line":96,"column":80}},"41":{"start":{"line":97,"column":8},"end":{"line":97,"column":98}},"42":{"start":{"line":97,"column":22},"end":{"line":97,"column":98}},"43":{"start":{"line":100,"column":30},"end":{"line":100,"column":72}},"44":{"start":{"line":103,"column":28},"end":{"line":107,"column":9}},"45":{"start":{"line":109,"column":8},"end":{"line":109,"column":85}},"46":{"start":{"line":109,"column":26},"end":{"line":109,"column":85}},"47":{"start":{"line":111,"column":8},"end":{"line":111,"column":42}},"48":{"start":{"line":113,"column":8},"end":{"line":113,"column":53}},"49":{"start":{"line":119,"column":0},"end":{"line":144,"column":2}},"50":{"start":{"line":120,"column":4},"end":{"line":143,"column":5}},"51":{"start":{"line":121,"column":21},"end":{"line":121,"column":44}},"52":{"start":{"line":122,"column":8},"end":{"line":124,"column":9}},"53":{"start":{"line":123,"column":12},"end":{"line":123,"column":69}},"54":{"start":{"line":126,"column":23},"end":{"line":126,"column":40}},"55":{"start":{"line":129,"column":24},"end":{"line":129,"column":80}},"56":{"start":{"line":130,"column":8},"end":{"line":130,"column":98}},"57":{"start":{"line":130,"column":22},"end":{"line":130,"column":98}},"58":{"start":{"line":133,"column":8},"end":{"line":133,"column":77}},"59":{"start":{"line":133,"column":51},"end":{"line":133,"column":75}},"60":{"start":{"line":134,"column":8},"end":{"line":134,"column":29}},"61":{"start":{"line":137,"column":28},"end":{"line":137,"column":64}},"62":{"start":{"line":138,"column":8},"end":{"line":138,"column":85}},"63":{"start":{"line":138,"column":26},"end":{"line":138,"column":85}},"64":{"start":{"line":140,"column":8},"end":{"line":140,"column":71}},"65":{"start":{"line":142,"column":8},"end":{"line":142,"column":53}}},"fnMap":{"0":{"name":"(anonymous_0)","decl":{"start":{"line":9,"column":21},"end":{"line":9,"column":22}},"loc":{"start":{"line":9,"column":36},"end":{"line":25,"column":1}},"line":9},"1":{"name":"(anonymous_1)","decl":{"start":{"line":28,"column":18},"end":{"line":28,"column":19}},"loc":{"start":{"line":28,"column":38},"end":{"line":54,"column":1}},"line":28},"2":{"name":"(anonymous_2)","decl":{"start":{"line":85,"column":21},"end":{"line":85,"column":22}},"loc":{"start":{"line":85,"column":41},"end":{"line":115,"column":1}},"line":85},"3":{"name":"(anonymous_3)","decl":{"start":{"line":119,"column":21},"end":{"line":119,"column":22}},"loc":{"start":{"line":119,"column":41},"end":{"line":144,"column":1}},"line":119},"4":{"name":"(anonymous_4)","decl":{"start":{"line":133,"column":45},"end":{"line":133,"column":46}},"loc":{"start":{"line":133,"column":51},"end":{"line":133,"column":75}},"line":133}},"branchMap":{"0":{"loc":{"start":{"line":11,"column":4},"end":{"line":13,"column":5}},"type":"if","locations":[{"start":{"line":11,"column":4},"end":{"line":13,"column":5}},{"start":{},"end":{}}],"line":11},"1":{"loc":{"start":{"line":11,"column":8},"end":{"line":11,"column":55}},"type":"binary-expr","locations":[{"start":{"line":11,"column":8},"end":{"line":11,"column":19}},{"start":{"line":11,"column":23},"end":{"line":11,"column":55}}],"line":11},"2":{"loc":{"start":{"line":19,"column":4},"end":{"line":19,"column":27}},"type":"if","locations":[{"start":{"line":19,"column":4},"end":{"line":19,"column":27}},{"start":{},"end":{}}],"line":19},"3":{"loc":{"start":{"line":22,"column":4},"end":{"line":22,"column":30}},"type":"if","locations":[{"start":{"line":22,"column":4},"end":{"line":22,"column":30}},{"start":{},"end":{}}],"line":22},"4":{"loc":{"start":{"line":31,"column":8},"end":{"line":33,"column":9}},"type":"if","locations":[{"start":{"line":31,"column":8},"end":{"line":33,"column":9}},{"start":{},"end":{}}],"line":31},"5":{"loc":{"start":{"line":40,"column":8},"end":{"line":40,"column":84}},"type":"if","locations":[{"start":{"line":40,"column":8},"end":{"line":40,"column":84}},{"start":{},"end":{}}],"line":40},"6":{"loc":{"start":{"line":88,"column":8},"end":{"line":90,"column":9}},"type":"if","locations":[{"start":{"line":88,"column":8},"end":{"line":90,"column":9}},{"start":{},"end":{}}],"line":88},"7":{"loc":{"start":{"line":97,"column":8},"end":{"line":97,"column":98}},"type":"if","locations":[{"start":{"line":97,"column":8},"end":{"line":97,"column":98}},{"start":{},"end":{}}],"line":97},"8":{"loc":{"start":{"line":100,"column":30},"end":{"line":100,"column":72}},"type":"cond-expr","locations":[{"start":{"line":100,"column":55},"end":{"line":100,"column":65}},{"start":{"line":100,"column":68},"end":{"line":100,"column":72}}],"line":100},"9":{"loc":{"start":{"line":109,"column":8},"end":{"line":109,"column":85}},"type":"if","locations":[{"start":{"line":109,"column":8},"end":{"line":109,"column":85}},{"start":{},"end":{}}],"line":109},"10":{"loc":{"start":{"line":122,"column":8},"end":{"line":124,"column":9}},"type":"if","locations":[{"start":{"line":122,"column":8},"end":{"line":124,"column":9}},{"start":{},"end":{}}],"line":122},"11":{"loc":{"start":{"line":130,"column":8},"end":{"line":130,"column":98}},"type":"if","locations":[{"start":{"line":130,"column":8},"end":{"line":130,"column":98}},{"start":{},"end":{}}],"line":130},"12":{"loc":{"start":{"line":138,"column":8},"end":{"line":138,"column":85}},"type":"if","locations":[{"start":{"line":138,"column":8},"end":{"line":138,"column":85}},{"start":{},"end":{}}],"line":138}},"s":{"0":3,"1":3,"2":3,"3":3,"4":7,"5":7,"6":1,"7":6,"8":6,"9":6,"10":6,"11":6,"12":0,"13":6,"14":6,"15":0,"16":6,"17":3,"18":3,"19":3,"20":3,"21":1,"22":2,"23":2,"24":2,"25":1,"26":0,"27":1,"28":1,"29":1,"30":1,"31":1,"32":1,"33":3,"34":2,"35":2,"36":2,"37":0,"38":2,"39":2,"40":2,"41":1,"42":0,"43":1,"44":1,"45":1,"46":0,"47":1,"48":1,"49":3,"50":2,"51":2,"52":2,"53":0,"54":2,"55":2,"56":1,"57":0,"58":1,"59":3,"60":1,"61":1,"62":1,"63":0,"64":1,"65":1},"f":{"0":7,"1":3,"2":2,"3":2,"4":3},"b":{"0":[1,6],"1":[7,6],"2":[0,6],"3":[0,6],"4":[1,2],"5":[0,1],"6":[0,2],"7":[0,1],"8":[1,0],"9":[0,1],"10":[0,2],"11":[0,1],"12":[0,1]},"_coverageSchema":"1a1c01bbd47fc00a2c39e90264f33305004495a9","hash":"cb8f6d1cf134b1ae9c20e8ae725113b676b4cb20"}
,"/home/ashna/Desktop/TODO_HATIO/backend/models/Project.js": {"path":"/home/ashna/Desktop/TODO_HATIO/backend/models/Project.js","statementMap":{"0":{"start":{"line":2,"column":17},"end":{"line":2,"column":36}},"1":{"start":{"line":4,"column":22},"end":{"line":24,"column":2}},"2":{"start":{"line":26,"column":0},"end":{"line":26,"column":58}}},"fnMap":{},"branchMap":{},"s":{"0":3,"1":3,"2":3},"f":{},"b":{},"_coverageSchema":"1a1c01bbd47fc00a2c39e90264f33305004495a9","hash":"e1c488b0ab7d4e8be2bd754d632477a11e7c10b8"}
,"/home/ashna/Desktop/TODO_HATIO/backend/models/Todo.js": {"path":"/home/ashna/Desktop/TODO_HATIO/backend/models/Todo.js","statementMap":{"0":{"start":{"line":2,"column":17},"end":{"line":2,"column":36}},"1":{"start":{"line":4,"column":19},"end":{"line":22,"column":2}},"2":{"start":{"line":24,"column":0},"end":{"line":24,"column":52}}},"fnMap":{},"branchMap":{},"s":{"0":3,"1":3,"2":3},"f":{},"b":{},"_coverageSchema":"1a1c01bbd47fc00a2c39e90264f33305004495a9","hash":"c01b59e035d8322de4886ea585c2edbac4a0438b"}
,"/home/ashna/Desktop/TODO_HATIO/backend/models/User.js": {"path":"/home/ashna/Desktop/TODO_HATIO/backend/models/User.js","statementMap":{"0":{"start":{"line":2,"column":17},"end":{"line":2,"column":36}},"1":{"start":{"line":3,"column":15},"end":{"line":3,"column":34}},"2":{"start":{"line":5,"column":19},"end":{"line":19,"column":2}},"3":{"start":{"line":22,"column":0},"end":{"line":31,"column":3}},"4":{"start":{"line":23,"column":4},"end":{"line":23,"column":52}},"5":{"start":{"line":23,"column":38},"end":{"line":23,"column":52}},"6":{"start":{"line":24,"column":4},"end":{"line":30,"column":5}},"7":{"start":{"line":25,"column":21},"end":{"line":25,"column":45}},"8":{"start":{"line":26,"column":8},"end":{"line":26,"column":63}},"9":{"start":{"line":27,"column":8},"end":{"line":27,"column":15}},"10":{"start":{"line":29,"column":8},"end":{"line":29,"column":18}},"11":{"start":{"line":34,"column":0},"end":{"line":36,"column":2}},"12":{"start":{"line":35,"column":4},"end":{"line":35,"column":60}},"13":{"start":{"line":38,"column":0},"end":{"line":38,"column":52}}},"fnMap":{"0":{"name":"(anonymous_0)","decl":{"start":{"line":22,"column":23},"end":{"line":22,"column":24}},"loc":{"start":{"line":22,"column":45},"end":{"line":31,"column":1}},"line":22},"1":{"name":"(anonymous_1)","decl":{"start":{"line":34,"column":37},"end":{"line":34,"column":38}},"loc":{"start":{"line":34,"column":66},"end":{"line":36,"column":1}},"line":34}},"branchMap":{"0":{"loc":{"start":{"line":23,"column":4},"end":{"line":23,"column":52}},"type":"if","locations":[{"start":{"line":23,"column":4},"end":{"line":23,"column":52}},{"start":{},"end":{}}],"line":23}},"s":{"0":3,"1":3,"2":3,"3":3,"4":4,"5":0,"6":4,"7":4,"8":4,"9":4,"10":0,"11":3,"12":6,"13":3},"f":{"0":4,"1":6},"b":{"0":[0,4]},"_coverageSchema":"1a1c01bbd47fc00a2c39e90264f33305004495a9","hash":"c49446115233f06c7556adf983efa334f5b1ca61"}
,"/home/ashna/Desktop/TODO_HATIO/backend/routes/auth.js": {"path":"/home/ashna/Desktop/TODO_HATIO/backend/routes/auth.js","statementMap":{"0":{"start":{"line":2,"column":16},"end":{"line":2,"column":34}},"1":{"start":{"line":3,"column":17},"end":{"line":3,"column":45}},"2":{"start":{"line":4,"column":23},"end":{"line":4,"column":63}},"3":{"start":{"line":6,"column":15},"end":{"line":6,"column":31}},"4":{"start":{"line":9,"column":0},"end":{"line":16,"column":2}},"5":{"start":{"line":19,"column":0},"end":{"line":19,"column":44}},"6":{"start":{"line":21,"column":0},"end":{"line":21,"column":24}}},"fnMap":{},"branchMap":{},"s":{"0":3,"1":3,"2":3,"3":3,"4":3,"5":3,"6":3},"f":{},"b":{},"_coverageSchema":"1a1c01bbd47fc00a2c39e90264f33305004495a9","hash":"29dd3f3868e7762ccfb2bb00bff37fcfeae14cc6"}
,"/home/ashna/Desktop/TODO_HATIO/backend/routes/projects.js": {"path":"/home/ashna/Desktop/TODO_HATIO/backend/routes/projects.js","statementMap":{"0":{"start":{"line":2,"column":16},"end":{"line":2,"column":34}},"1":{"start":{"line":3,"column":17},"end":{"line":3,"column":45}},"2":{"start":{"line":4,"column":26},"end":{"line":4,"column":69}},"3":{"start":{"line":6,"column":15},"end":{"line":6,"column":31}},"4":{"start":{"line":9,"column":0},"end":{"line":13,"column":2}},"5":{"start":{"line":16,"column":0},"end":{"line":16,"column":50}},"6":{"start":{"line":19,"column":0},"end":{"line":19,"column":53}},"7":{"start":{"line":22,"column":0},"end":{"line":26,"column":2}},"8":{"start":{"line":29,"column":0},"end":{"line":29,"column":55}},"9":{"start":{"line":32,"column":0},"end":{"line":32,"column":67}},"10":{"start":{"line":34,"column":0},"end":{"line":34,"column":24}}},"fnMap":{},"branchMap":{},"s":{"0":3,"1":3,"2":3,"3":3,"4":3,"5":3,"6":3,"7":3,"8":3,"9":3,"10":3},"f":{},"b":{},"_coverageSchema":"1a1c01bbd47fc00a2c39e90264f33305004495a9","hash":"92dc949f8710021292229de5b2be7d23b26eb036"}
,"/home/ashna/Desktop/TODO_HATIO/backend/routes/todo.js": {"path":"/home/ashna/Desktop/TODO_HATIO/backend/routes/todo.js","statementMap":{"0":{"start":{"line":2,"column":16},"end":{"line":2,"column":34}},"1":{"start":{"line":3,"column":17},"end":{"line":3,"column":45}},"2":{"start":{"line":4,"column":23},"end":{"line":4,"column":63}},"3":{"start":{"line":6,"column":15},"end":{"line":6,"column":31}},"4":{"start":{"line":9,"column":0},"end":{"line":13,"column":2}},"5":{"start":{"line":16,"column":0},"end":{"line":23,"column":2}},"6":{"start":{"line":26,"column":0},"end":{"line":26,"column":53}},"7":{"start":{"line":28,"column":0},"end":{"line":28,"column":24}}},"fnMap":{},"branchMap":{},"s":{"0":3,"1":3,"2":3,"3":3,"4":3,"5":3,"6":3,"7":3},"f":{},"b":{},"_coverageSchema":"1a1c01bbd47fc00a2c39e90264f33305004495a9","hash":"2ce58c57b8701aa5738b7d6a1e6ece32bf3acc22"}
,"/home/ashna/Desktop/TODO_HATIO/backend/services/githubService.js": {"path":"/home/ashna/Desktop/TODO_HATIO/backend/services/githubService.js","statementMap":{"0":{"start":{"line":2,"column":14},"end":{"line":2,"column":30}},"1":{"start":{"line":4,"column":21},"end":{"line":4,"column":45}},"2":{"start":{"line":13,"column":19},"end":{"line":33,"column":1}},"3":{"start":{"line":14,"column":4},"end":{"line":32,"column":5}},"4":{"start":{"line":15,"column":25},"end":{"line":28,"column":9}},"5":{"start":{"line":29,"column":8},"end":{"line":29,"column":29}},"6":{"start":{"line":31,"column":8},"end":{"line":31,"column":80}},"7":{"start":{"line":35,"column":0},"end":{"line":35,"column":32}}},"fnMap":{"0":{"name":"(anonymous_0)","decl":{"start":{"line":13,"column":19},"end":{"line":13,"column":20}},"loc":{"start":{"line":13,"column":67},"end":{"line":33,"column":1}},"line":13}},"branchMap":{"0":{"loc":{"start":{"line":13,"column":46},"end":{"line":13,"column":62}},"type":"default-arg","locations":[{"start":{"line":13,"column":57},"end":{"line":13,"column":62}}],"line":13},"1":{"loc":{"start":{"line":31,"column":24},"end":{"line":31,"column":78}},"type":"binary-expr","locations":[{"start":{"line":31,"column":24},"end":{"line":31,"column":51}},{"start":{"line":31,"column":55},"end":{"line":31,"column":78}}],"line":31}},"s":{"0":3,"1":3,"2":3,"3":0,"4":0,"5":0,"6":0,"7":3},"f":{"0":0},"b":{"0":[0],"1":[0,0]},"_coverageSchema":"1a1c01bbd47fc00a2c39e90264f33305004495a9","hash":"b3693d6ea6ea3a764b7754cee06948164ba67d2f"}
}
