TN:
SF:server.js
FN:32,(anonymous_0)
FN:35,(anonymous_1)
FN:39,(anonymous_2)
FNF:3
FNH:0
FNDA:0,(anonymous_0)
FNDA:0,(anonymous_1)
FNDA:0,(anonymous_2)
DA:2,3
DA:4,3
DA:5,3
DA:6,3
DA:7,3
DA:8,3
DA:9,3
DA:11,3
DA:14,3
DA:17,3
DA:24,3
DA:25,3
DA:26,3
DA:29,3
DA:30,0
DA:33,0
DA:34,0
DA:35,0
DA:36,0
DA:40,0
DA:44,3
LF:21
LH:15
BRDA:29,0,0,0
BRDA:29,0,1,3
BRDA:34,1,0,0
BRDA:34,1,1,0
BRF:4
BRH:1
end_of_record
TN:
SF:controllers/authController.js
FN:8,(anonymous_0)
FN:21,(anonymous_1)
FN:60,(anonymous_2)
FNF:3
FNH:3
FNDA:2,(anonymous_0)
FNDA:1,(anonymous_1)
FNDA:2,(anonymous_2)
DA:2,3
DA:3,3
DA:8,3
DA:9,2
DA:10,0
DA:12,2
DA:13,2
DA:14,2
DA:15,2
DA:21,3
DA:23,1
DA:24,1
DA:25,0
DA:28,1
DA:29,1
DA:32,1
DA:33,0
DA:34,0
DA:38,0
DA:39,0
DA:42,0
DA:43,0
DA:46,0
DA:49,0
DA:54,1
DA:60,3
DA:61,2
DA:62,2
DA:63,2
DA:65,2
DA:66,0
DA:69,2
DA:72,2
DA:73,0
DA:76,0
DA:77,0
DA:79,0
DA:81,1
LF:38
LH:23
BRDA:9,0,0,0
BRDA:9,0,1,2
BRDA:9,1,0,2
BRDA:9,1,1,2
BRDA:24,2,0,0
BRDA:24,2,1,1
BRDA:33,3,0,0
BRDA:33,3,1,0
BRDA:65,4,0,0
BRDA:65,4,1,2
BRDA:73,5,0,0
BRDA:73,5,1,0
BRDA:77,6,0,0
BRDA:77,6,1,0
BRF:14
BRH:5
end_of_record
TN:
SF:controllers/projectController.js
FN:12,(anonymous_0)
FN:31,(anonymous_1)
FN:50,(anonymous_2)
FN:65,(anonymous_3)
FN:100,(anonymous_4)
FN:149,(anonymous_5)
FN:170,(anonymous_6)
FN:183,(anonymous_7)
FN:184,(anonymous_8)
FN:191,(anonymous_9)
FN:197,(anonymous_10)
FN:198,(anonymous_11)
FNF:12
FNH:0
FNDA:0,(anonymous_0)
FNDA:0,(anonymous_1)
FNDA:0,(anonymous_2)
FNDA:0,(anonymous_3)
FNDA:0,(anonymous_4)
FNDA:0,(anonymous_5)
FNDA:0,(anonymous_6)
FNDA:0,(anonymous_7)
FNDA:0,(anonymous_8)
FNDA:0,(anonymous_9)
FNDA:0,(anonymous_10)
FNDA:0,(anonymous_11)
DA:2,3
DA:3,3
DA:4,3
DA:5,3
DA:6,3
DA:7,3
DA:12,3
DA:13,0
DA:14,0
DA:15,0
DA:17,0
DA:18,0
DA:19,0
DA:21,0
DA:22,0
DA:24,0
DA:25,0
DA:27,0
DA:31,3
DA:32,0
DA:33,0
DA:34,0
DA:35,0
DA:38,0
DA:40,0
DA:41,0
DA:43,0
DA:45,0
DA:50,3
DA:51,0
DA:52,0
DA:53,0
DA:54,0
DA:57,0
DA:58,0
DA:60,0
DA:65,3
DA:66,0
DA:67,0
DA:68,0
DA:69,0
DA:72,0
DA:73,0
DA:75,0
DA:77,0
DA:100,3
DA:101,0
DA:102,0
DA:105,0
DA:106,0
DA:110,0
DA:111,0
DA:112,0
DA:115,0
DA:116,0
DA:117,0
DA:121,0
DA:122,0
DA:123,0
DA:127,0
DA:129,0
DA:135,0
DA:136,0
DA:139,0
DA:141,0
DA:142,0
DA:149,3
DA:150,0
DA:151,0
DA:152,0
DA:153,0
DA:156,0
DA:158,0
DA:161,0
DA:163,0
DA:165,0
DA:170,3
DA:171,0
DA:172,0
DA:173,0
DA:174,0
DA:177,0
DA:179,0
DA:180,0
DA:182,0
DA:183,0
DA:184,0
DA:187,0
DA:188,0
DA:190,0
DA:191,0
DA:192,0
DA:195,0
DA:196,0
DA:197,0
DA:199,0
DA:203,0
DA:204,0
DA:207,0
DA:208,0
DA:211,0
DA:221,0
DA:223,0
LF:103
LH:13
BRDA:14,0,0,0
BRDA:14,0,1,0
BRDA:14,1,0,0
BRDA:14,1,1,0
BRDA:22,2,0,0
BRDA:22,2,1,0
BRDA:25,3,0,0
BRDA:25,3,1,0
BRDA:34,4,0,0
BRDA:34,4,1,0
BRDA:53,5,0,0
BRDA:53,5,1,0
BRDA:68,6,0,0
BRDA:68,6,1,0
BRDA:73,7,0,0
BRDA:73,7,1,0
BRDA:105,8,0,0
BRDA:105,8,1,0
BRDA:105,9,0,0
BRDA:105,9,1,0
BRDA:116,10,0,0
BRDA:116,10,1,0
BRDA:122,11,0,0
BRDA:122,11,1,0
BRDA:135,12,0,0
BRDA:135,12,1,0
BRDA:152,13,0,0
BRDA:152,13,1,0
BRDA:158,14,0,0
BRDA:158,14,1,0
BRDA:173,15,0,0
BRDA:173,15,1,0
BRDA:180,16,0,0
BRDA:180,16,1,0
BRF:34
BRH:0
end_of_record
TN:
SF:controllers/todoController.js
FN:9,(anonymous_0)
FN:28,(anonymous_1)
FN:85,(anonymous_2)
FN:119,(anonymous_3)
FN:133,(anonymous_4)
FNF:5
FNH:5
FNDA:7,(anonymous_0)
FNDA:3,(anonymous_1)
FNDA:2,(anonymous_2)
FNDA:2,(anonymous_3)
FNDA:3,(anonymous_4)
DA:2,3
DA:3,3
DA:4,3
DA:9,3
DA:10,7
DA:11,7
DA:12,1
DA:14,6
DA:15,6
DA:16,6
DA:18,6
DA:19,6
DA:21,6
DA:22,6
DA:24,6
DA:28,3
DA:29,3
DA:30,3
DA:31,3
DA:32,1
DA:35,2
DA:36,2
DA:39,2
DA:40,1
DA:43,1
DA:44,1
DA:47,1
DA:48,1
DA:50,1
DA:52,1
DA:85,3
DA:86,2
DA:87,2
DA:88,2
DA:89,0
DA:92,2
DA:93,2
DA:96,2
DA:97,1
DA:100,1
DA:103,1
DA:109,1
DA:111,1
DA:113,1
DA:119,3
DA:120,2
DA:121,2
DA:122,2
DA:123,0
DA:126,2
DA:129,2
DA:130,1
DA:133,3
DA:134,1
DA:137,1
DA:138,1
DA:140,1
DA:142,1
LF:58
LH:56
BRDA:11,0,0,1
BRDA:11,0,1,6
BRDA:11,1,0,7
BRDA:11,1,1,6
BRDA:19,2,0,0
BRDA:19,2,1,6
BRDA:22,3,0,0
BRDA:22,3,1,6
BRDA:31,4,0,1
BRDA:31,4,1,2
BRDA:40,5,0,0
BRDA:40,5,1,1
BRDA:88,6,0,0
BRDA:88,6,1,2
BRDA:97,7,0,0
BRDA:97,7,1,1
BRDA:100,8,0,1
BRDA:100,8,1,0
BRDA:109,9,0,0
BRDA:109,9,1,1
BRDA:122,10,0,0
BRDA:122,10,1,2
BRDA:130,11,0,0
BRDA:130,11,1,1
BRDA:138,12,0,0
BRDA:138,12,1,1
BRF:26
BRH:16
end_of_record
TN:
SF:models/Project.js
FNF:0
FNH:0
DA:2,3
DA:4,3
DA:26,3
LF:3
LH:3
BRF:0
BRH:0
end_of_record
TN:
SF:models/Todo.js
FNF:0
FNH:0
DA:2,3
DA:4,3
DA:24,3
LF:3
LH:3
BRF:0
BRH:0
end_of_record
TN:
SF:models/User.js
FN:22,(anonymous_0)
FN:34,(anonymous_1)
FNF:2
FNH:2
FNDA:4,(anonymous_0)
FNDA:6,(anonymous_1)
DA:2,3
DA:3,3
DA:5,3
DA:22,3
DA:23,4
DA:24,4
DA:25,4
DA:26,4
DA:27,4
DA:29,0
DA:34,3
DA:35,6
DA:38,3
LF:13
LH:12
BRDA:23,0,0,0
BRDA:23,0,1,4
BRF:2
BRH:1
end_of_record
TN:
SF:routes/auth.js
FNF:0
FNH:0
DA:2,3
DA:3,3
DA:4,3
DA:6,3
DA:9,3
DA:19,3
DA:21,3
LF:7
LH:7
BRF:0
BRH:0
end_of_record
TN:
SF:routes/projects.js
FNF:0
FNH:0
DA:2,3
DA:3,3
DA:4,3
DA:6,3
DA:9,3
DA:16,3
DA:19,3
DA:22,3
DA:29,3
DA:32,3
DA:34,3
LF:11
LH:11
BRF:0
BRH:0
end_of_record
TN:
SF:routes/todo.js
FNF:0
FNH:0
DA:2,3
DA:3,3
DA:4,3
DA:6,3
DA:9,3
DA:16,3
DA:26,3
DA:28,3
LF:8
LH:8
BRF:0
BRH:0
end_of_record
TN:
SF:services/githubService.js
FN:13,(anonymous_0)
FNF:1
FNH:0
FNDA:0,(anonymous_0)
DA:2,3
DA:4,3
DA:13,3
DA:14,0
DA:15,0
DA:29,0
DA:31,0
DA:35,3
LF:8
LH:4
BRDA:13,0,0,0
BRDA:31,1,0,0
BRDA:31,1,1,0
BRF:3
BRH:0
end_of_record
